# JRE version: OpenJDK Runtime Environment Temurin-21.0.6+7 (21.0.6+7) (build 21.0.6+7-LTS)
# Java VM: OpenJDK 64-Bit Server VM Temurin-21.0.6+7 (21.0.6+7-LTS, mixed mode, sharing, tiered, compressed oops, compressed class ptrs, parallel gc, windows-amd64)
GC Precious Log:
 CardTable entry size: 512
 CPUs: 16 total, 16 available
 Memory: 7521M
 Large Page Support: Disabled
 NUMA Support: Disabled
 Compressed Oops: Enabled (32-bit)
 Alignments: Space 512K, Generation 512K, Heap 2M
 Heap Min Capacity: 100M
 Heap Initial Capacity: 100M
 Heap Max Capacity: 1G
 Pre-touch: Disabled
 Parallel Workers: 13
Heap:
 PSYoungGen      total 11776K, used 7664K [0x00000000eab00000, 0x00000000eba00000, 0x0000000100000000)
  eden space 10240K, 63% used [0x00000000eab00000,0x00000000eb1641f8,0x00000000eb500000)
  from space 1536K, 72% used [0x00000000eb500000,0x00000000eb618000,0x00000000eb680000)
  to   space 1536K, 0% used [0x00000000eb880000,0x00000000eb880000,0x00000000eba00000)
 ParOldGen       total 552960K, used 552764K [0x00000000c0000000, 0x00000000e1c00000, 0x00000000eab00000)
  object space 552960K, 99% used [0x00000000c0000000,0x00000000e1bcf2d0,0x00000000e1c00000)
 Metaspace       used 103907K, committed 105728K, reserved 1179648K
  class space    used 9932K, committed 10816K, reserved 1048576K
GC Heap History (20 events):
Event: 7613.462 GC heap before
{Heap before GC invocations=17854 (full 50):
 PSYoungGen      total 5632K, used 5311K [0x00000000eab00000, 0x00000000eb300000, 0x0000000100000000)
  eden space 4096K, 99% used [0x00000000eab00000,0x00000000eaefffd0,0x00000000eaf00000)
  from space 1536K, 79% used [0x00000000eb180000,0x00000000eb2b0000,0x00000000eb300000)
  to   space 1536K, 0% used [0x00000000eb000000,0x00000000eb000000,0x00000000eb180000)
 ParOldGen       total 540672K, used 540254K [0x00000000c0000000, 0x00000000e1000000, 0x00000000eab00000)
  object space 540672K, 99% used [0x00000000c0000000,0x00000000e0f97b20,0x00000000e1000000)
 Metaspace       used 103777K, committed 105664K, reserved 1179648K
  class space    used 9926K, committed 10816K, reserved 1048576K
}
Event: 7613.466 GC heap after
{Heap after GC invocations=17854 (full 50):
 PSYoungGen      total 6656K, used 1376K [0x00000000eab00000, 0x00000000eb300000, 0x0000000100000000)
  eden space 5120K, 0% used [0x00000000eab00000,0x00000000eab00000,0x00000000eb000000)
  from space 1536K, 89% used [0x00000000eb000000,0x00000000eb158000,0x00000000eb180000)
  to   space 1536K, 0% used [0x00000000eb180000,0x00000000eb180000,0x00000000eb300000)
 ParOldGen       total 541696K, used 541236K [0x00000000c0000000, 0x00000000e1100000, 0x00000000eab00000)
  object space 541696K, 99% used [0x00000000c0000000,0x00000000e108d088,0x00000000e1100000)
 Metaspace       used 103777K, committed 105664K, reserved 1179648K
  class space    used 9926K, committed 10816K, reserved 1048576K
}
Event: 7613.469 GC heap before
{Heap before GC invocations=17855 (full 50):
 PSYoungGen      total 6656K, used 6496K [0x00000000eab00000, 0x00000000eb300000, 0x0000000100000000)
  eden space 5120K, 100% used [0x00000000eab00000,0x00000000eb000000,0x00000000eb000000)
  from space 1536K, 89% used [0x00000000eb000000,0x00000000eb158000,0x00000000eb180000)
  to   space 1536K, 0% used [0x00000000eb180000,0x00000000eb180000,0x00000000eb300000)
 ParOldGen       total 541696K, used 541236K [0x00000000c0000000, 0x00000000e1100000, 0x00000000eab00000)
  object space 541696K, 99% used [0x00000000c0000000,0x00000000e108d088,0x00000000e1100000)
 Metaspace       used 103777K, committed 105664K, reserved 1179648K
  class space    used 9926K, committed 10816K, reserved 1048576K
}
Event: 7613.473 GC heap after
{Heap after GC invocations=17855 (full 50):
 PSYoungGen      total 6656K, used 1280K [0x00000000eab00000, 0x00000000eb400000, 0x0000000100000000)
  eden space 5120K, 0% used [0x00000000eab00000,0x00000000eab00000,0x00000000eb000000)
  from space 1536K, 83% used [0x00000000eb180000,0x00000000eb2c0000,0x00000000eb300000)
  to   space 1536K, 0% used [0x00000000eb000000,0x00000000eb000000,0x00000000eb180000)
 ParOldGen       total 542720K, used 542276K [0x00000000c0000000, 0x00000000e1200000, 0x00000000eab00000)
  object space 542720K, 99% used [0x00000000c0000000,0x00000000e11913f8,0x00000000e1200000)
 Metaspace       used 103777K, committed 105664K, reserved 1179648K
  class space    used 9926K, committed 10816K, reserved 1048576K
}
Event: 7613.476 GC heap before
{Heap before GC invocations=17856 (full 50):
 PSYoungGen      total 6656K, used 6400K [0x00000000eab00000, 0x00000000eb400000, 0x0000000100000000)
  eden space 5120K, 100% used [0x00000000eab00000,0x00000000eb000000,0x00000000eb000000)
  from space 1536K, 83% used [0x00000000eb180000,0x00000000eb2c0000,0x00000000eb300000)
  to   space 1536K, 0% used [0x00000000eb000000,0x00000000eb000000,0x00000000eb180000)
 ParOldGen       total 542720K, used 542276K [0x00000000c0000000, 0x00000000e1200000, 0x00000000eab00000)
  object space 542720K, 99% used [0x00000000c0000000,0x00000000e11913f8,0x00000000e1200000)
 Metaspace       used 103777K, committed 105664K, reserved 1179648K
  class space    used 9926K, committed 10816K, reserved 1048576K
}
Event: 7613.480 GC heap after
{Heap after GC invocations=17856 (full 50):
 PSYoungGen      total 6656K, used 1280K [0x00000000eab00000, 0x00000000eb400000, 0x0000000100000000)
  eden space 5120K, 0% used [0x00000000eab00000,0x00000000eab00000,0x00000000eb000000)
  from space 1536K, 83% used [0x00000000eb000000,0x00000000eb140000,0x00000000eb180000)
  to   space 1536K, 0% used [0x00000000eb280000,0x00000000eb280000,0x00000000eb400000)
 ParOldGen       total 543232K, used 543228K [0x00000000c0000000, 0x00000000e1280000, 0x00000000eab00000)
  object space 543232K, 99% used [0x00000000c0000000,0x00000000e127f3f8,0x00000000e1280000)
 Metaspace       used 103777K, committed 105664K, reserved 1179648K
  class space    used 9926K, committed 10816K, reserved 1048576K
}
Event: 7613.482 GC heap before
{Heap before GC invocations=17857 (full 50):
 PSYoungGen      total 6656K, used 6399K [0x00000000eab00000, 0x00000000eb400000, 0x0000000100000000)
  eden space 5120K, 99% used [0x00000000eab00000,0x00000000eafffff0,0x00000000eb000000)
  from space 1536K, 83% used [0x00000000eb000000,0x00000000eb140000,0x00000000eb180000)
  to   space 1536K, 0% used [0x00000000eb280000,0x00000000eb280000,0x00000000eb400000)
 ParOldGen       total 543232K, used 543228K [0x00000000c0000000, 0x00000000e1280000, 0x00000000eab00000)
  object space 543232K, 99% used [0x00000000c0000000,0x00000000e127f3f8,0x00000000e1280000)
 Metaspace       used 103777K, committed 105664K, reserved 1179648K
  class space    used 9926K, committed 10816K, reserved 1048576K
}
Event: 7613.485 GC heap after
{Heap after GC invocations=17857 (full 50):
 PSYoungGen      total 7168K, used 832K [0x00000000eab00000, 0x00000000eb380000, 0x0000000100000000)
  eden space 6144K, 0% used [0x00000000eab00000,0x00000000eab00000,0x00000000eb100000)
  from space 1024K, 81% used [0x00000000eb280000,0x00000000eb350000,0x00000000eb380000)
  to   space 1024K, 0% used [0x00000000eb180000,0x00000000eb180000,0x00000000eb280000)
 ParOldGen       total 544256K, used 543852K [0x00000000c0000000, 0x00000000e1380000, 0x00000000eab00000)
  object space 544256K, 99% used [0x00000000c0000000,0x00000000e131b3f8,0x00000000e1380000)
 Metaspace       used 103777K, committed 105664K, reserved 1179648K
  class space    used 9926K, committed 10816K, reserved 1048576K
}
Event: 7613.492 GC heap before
{Heap before GC invocations=17858 (full 50):
 PSYoungGen      total 7168K, used 6976K [0x00000000eab00000, 0x00000000eb380000, 0x0000000100000000)
  eden space 6144K, 100% used [0x00000000eab00000,0x00000000eb100000,0x00000000eb100000)
  from space 1024K, 81% used [0x00000000eb280000,0x00000000eb350000,0x00000000eb380000)
  to   space 1024K, 0% used [0x00000000eb180000,0x00000000eb180000,0x00000000eb280000)
 ParOldGen       total 544256K, used 543852K [0x00000000c0000000, 0x00000000e1380000, 0x00000000eab00000)
  object space 544256K, 99% used [0x00000000c0000000,0x00000000e131b3f8,0x00000000e1380000)
 Metaspace       used 103777K, committed 105664K, reserved 1179648K
  class space    used 9926K, committed 10816K, reserved 1048576K
}
Event: 7613.495 GC heap after
{Heap after GC invocations=17858 (full 50):
 PSYoungGen      total 7680K, used 992K [0x00000000eab00000, 0x00000000eb980000, 0x0000000100000000)
  eden space 6656K, 0% used [0x00000000eab00000,0x00000000eab00000,0x00000000eb180000)
  from space 1024K, 96% used [0x00000000eb180000,0x00000000eb2783f0,0x00000000eb280000)
  to   space 3584K, 0% used [0x00000000eb600000,0x00000000eb600000,0x00000000eb980000)
 ParOldGen       total 545792K, used 545652K [0x00000000c0000000, 0x00000000e1500000, 0x00000000eab00000)
  object space 545792K, 99% used [0x00000000c0000000,0x00000000e14dd3f8,0x00000000e1500000)
 Metaspace       used 103777K, committed 105664K, reserved 1179648K
  class space    used 9926K, committed 10816K, reserved 1048576K
}
Event: 7613.503 GC heap before
{Heap before GC invocations=17859 (full 50):
 PSYoungGen      total 7680K, used 7648K [0x00000000eab00000, 0x00000000eb980000, 0x0000000100000000)
  eden space 6656K, 100% used [0x00000000eab00000,0x00000000eb180000,0x00000000eb180000)
  from space 1024K, 96% used [0x00000000eb180000,0x00000000eb2783f0,0x00000000eb280000)
  to   space 3584K, 0% used [0x00000000eb600000,0x00000000eb600000,0x00000000eb980000)
 ParOldGen       total 545792K, used 545652K [0x00000000c0000000, 0x00000000e1500000, 0x00000000eab00000)
  object space 545792K, 99% used [0x00000000c0000000,0x00000000e14dd3f8,0x00000000e1500000)
 Metaspace       used 103777K, committed 105664K, reserved 1179648K
  class space    used 9926K, committed 10816K, reserved 1048576K
}
Event: 7613.505 GC heap after
{Heap after GC invocations=17859 (full 50):
 PSYoungGen      total 10752K, used 2336K [0x00000000eab00000, 0x00000000eb880000, 0x0000000100000000)
  eden space 8192K, 0% used [0x00000000eab00000,0x00000000eab00000,0x00000000eb300000)
  from space 2560K, 91% used [0x00000000eb600000,0x00000000eb848000,0x00000000eb880000)
  to   space 2560K, 0% used [0x00000000eb380000,0x00000000eb380000,0x00000000eb600000)
 ParOldGen       total 546816K, used 546697K [0x00000000c0000000, 0x00000000e1600000, 0x00000000eab00000)
  object space 546816K, 99% used [0x00000000c0000000,0x00000000e15e27f8,0x00000000e1600000)
 Metaspace       used 103777K, committed 105664K, reserved 1179648K
  class space    used 9926K, committed 10816K, reserved 1048576K
}
Event: 7621.931 GC heap before
{Heap before GC invocations=17860 (full 50):
 PSYoungGen      total 10752K, used 10528K [0x00000000eab00000, 0x00000000eb880000, 0x0000000100000000)
  eden space 8192K, 100% used [0x00000000eab00000,0x00000000eb300000,0x00000000eb300000)
  from space 2560K, 91% used [0x00000000eb600000,0x00000000eb848000,0x00000000eb880000)
  to   space 2560K, 0% used [0x00000000eb380000,0x00000000eb380000,0x00000000eb600000)
 ParOldGen       total 546816K, used 546697K [0x00000000c0000000, 0x00000000e1600000, 0x00000000eab00000)
  object space 546816K, 99% used [0x00000000c0000000,0x00000000e15e27f8,0x00000000e1600000)
 Metaspace       used 103777K, committed 105664K, reserved 1179648K
  class space    used 9926K, committed 10816K, reserved 1048576K
}
Event: 7621.939 GC heap after
{Heap after GC invocations=17860 (full 50):
 PSYoungGen      total 11264K, used 704K [0x00000000eab00000, 0x00000000eb800000, 0x0000000100000000)
  eden space 8704K, 0% used [0x00000000eab00000,0x00000000eab00000,0x00000000eb380000)
  from space 2560K, 27% used [0x00000000eb380000,0x00000000eb430000,0x00000000eb600000)
  to   space 1536K, 0% used [0x00000000eb680000,0x00000000eb680000,0x00000000eb800000)
 ParOldGen       total 549376K, used 548913K [0x00000000c0000000, 0x00000000e1880000, 0x00000000eab00000)
  object space 549376K, 99% used [0x00000000c0000000,0x00000000e180c7f8,0x00000000e1880000)
 Metaspace       used 103777K, committed 105664K, reserved 1179648K
  class space    used 9926K, committed 10816K, reserved 1048576K
}
Event: 7623.841 GC heap before
{Heap before GC invocations=17861 (full 50):
 PSYoungGen      total 11264K, used 9407K [0x00000000eab00000, 0x00000000eb800000, 0x0000000100000000)
  eden space 8704K, 99% used [0x00000000eab00000,0x00000000eb37fff8,0x00000000eb380000)
  from space 2560K, 27% used [0x00000000eb380000,0x00000000eb430000,0x00000000eb600000)
  to   space 1536K, 0% used [0x00000000eb680000,0x00000000eb680000,0x00000000eb800000)
 ParOldGen       total 549376K, used 548913K [0x00000000c0000000, 0x00000000e1880000, 0x00000000eab00000)
  object space 549376K, 99% used [0x00000000c0000000,0x00000000e180c7f8,0x00000000e1880000)
 Metaspace       used 103826K, committed 105664K, reserved 1179648K
  class space    used 9931K, committed 10816K, reserved 1048576K
}
Event: 7624.843 GC heap after
{Heap after GC invocations=17861 (full 50):
 PSYoungGen      total 11776K, used 1376K [0x00000000eab00000, 0x00000000eb880000, 0x0000000100000000)
  eden space 10240K, 0% used [0x00000000eab00000,0x00000000eab00000,0x00000000eb500000)
  from space 1536K, 89% used [0x00000000eb680000,0x00000000eb7d8020,0x00000000eb800000)
  to   space 1536K, 0% used [0x00000000eb500000,0x00000000eb500000,0x00000000eb680000)
 ParOldGen       total 549888K, used 549505K [0x00000000c0000000, 0x00000000e1900000, 0x00000000eab00000)
  object space 549888K, 99% used [0x00000000c0000000,0x00000000e18a07f8,0x00000000e1900000)
 Metaspace       used 103826K, committed 105664K, reserved 1179648K
  class space    used 9931K, committed 10816K, reserved 1048576K
}
Event: 7625.055 GC heap before
{Heap before GC invocations=17862 (full 50):
 PSYoungGen      total 11776K, used 11616K [0x00000000eab00000, 0x00000000eb880000, 0x0000000100000000)
  eden space 10240K, 100% used [0x00000000eab00000,0x00000000eb500000,0x00000000eb500000)
  from space 1536K, 89% used [0x00000000eb680000,0x00000000eb7d8020,0x00000000eb800000)
  to   space 1536K, 0% used [0x00000000eb500000,0x00000000eb500000,0x00000000eb680000)
 ParOldGen       total 549888K, used 549505K [0x00000000c0000000, 0x00000000e1900000, 0x00000000eab00000)
  object space 549888K, 99% used [0x00000000c0000000,0x00000000e18a07f8,0x00000000e1900000)
 Metaspace       used 103865K, committed 105728K, reserved 1179648K
  class space    used 9931K, committed 10816K, reserved 1048576K
}
Event: 7625.058 GC heap after
{Heap after GC invocations=17862 (full 50):
 PSYoungGen      total 11776K, used 1344K [0x00000000eab00000, 0x00000000eba00000, 0x0000000100000000)
  eden space 10240K, 0% used [0x00000000eab00000,0x00000000eab00000,0x00000000eb500000)
  from space 1536K, 87% used [0x00000000eb500000,0x00000000eb650000,0x00000000eb680000)
  to   space 1536K, 0% used [0x00000000eb880000,0x00000000eb880000,0x00000000eba00000)
 ParOldGen       total 550912K, used 550638K [0x00000000c0000000, 0x00000000e1a00000, 0x00000000eab00000)
  object space 550912K, 99% used [0x00000000c0000000,0x00000000e19bb838,0x00000000e1a00000)
 Metaspace       used 103865K, committed 105728K, reserved 1179648K
  class space    used 9931K, committed 10816K, reserved 1048576K
}
Event: 7625.183 GC heap before
{Heap before GC invocations=17863 (full 50):
 PSYoungGen      total 11776K, used 11584K [0x00000000eab00000, 0x00000000eba00000, 0x0000000100000000)
  eden space 10240K, 100% used [0x00000000eab00000,0x00000000eb500000,0x00000000eb500000)
  from space 1536K, 87% used [0x00000000eb500000,0x00000000eb650000,0x00000000eb680000)
  to   space 1536K, 0% used [0x00000000eb880000,0x00000000eb880000,0x00000000eba00000)
 ParOldGen       total 550912K, used 550638K [0x00000000c0000000, 0x00000000e1a00000, 0x00000000eab00000)
  object space 550912K, 99% used [0x00000000c0000000,0x00000000e19bb838,0x00000000e1a00000)
 Metaspace       used 103880K, committed 105728K, reserved 1179648K
  class space    used 9932K, committed 10816K, reserved 1048576K
}
Event: 7625.187 GC heap after
{Heap after GC invocations=17863 (full 50):
 PSYoungGen      total 11776K, used 1120K [0x00000000eab00000, 0x00000000eba00000, 0x0000000100000000)
  eden space 10240K, 0% used [0x00000000eab00000,0x00000000eab00000,0x00000000eb500000)
  from space 1536K, 72% used [0x00000000eb880000,0x00000000eb998000,0x00000000eba00000)
  to   space 1536K, 0% used [0x00000000eb500000,0x00000000eb500000,0x00000000eb680000)
 ParOldGen       total 551936K, used 551892K [0x00000000c0000000, 0x00000000e1b00000, 0x00000000eab00000)
  object space 551936K, 99% used [0x00000000c0000000,0x00000000e1af52d0,0x00000000e1b00000)
 Metaspace       used 103880K, committed 105728K, reserved 1179648K
  class space    used 9932K, committed 10816K, reserved 1048576K
}

